2025-01-02T18:50:45Z [INFO] 
=== 开始处理过期事件 ===
2025-01-02T18:50:45Z [INFO] 找到 4 个日历
2025-01-02T18:50:45Z [INFO] 其中 4 个是可用日历
2025-01-02T18:50:45Z [INFO] 找到 4 个 iCloud 日历:
2025-01-02T18:50:45Z [INFO] - 工作日历
2025-01-02T18:50:45Z [INFO] - 个人日历
2025-01-02T18:50:45Z [INFO] - 家庭日历
2025-01-02T18:50:45Z [INFO] - 个人
2025-01-02T18:50:45Z [INFO] 找到 4 个 iCloud 日历:
2025-01-02T18:50:45Z [INFO] - 工作日历
2025-01-02T18:50:45Z [INFO] - 个人日历
2025-01-02T18:50:45Z [INFO] - 家庭日历
2025-01-02T18:50:45Z [INFO] - 个人
2025-01-02T18:50:45Z [INFO] 
处理日历：工作日历
2025-01-02T18:50:45Z [INFO] 找到 3 个事件
2025-01-02T18:50:45Z [INFO] 
发现过期事件：过期事件1
2025-01-02T18:50:45Z [INFO] - 开始时间：2024-12-26 10:50:45
2025-01-02T18:50:45Z [INFO] - 结束时间：2024-12-27 10:50:45
2025-01-02T18:50:45Z [INFO] - 是否重复：false
2025-01-02T18:50:45Z [INFO] - 移动过期事件到当前周
2025-01-02T18:50:45Z [INFO] - 已移动事件: 2025-01-05 10:50
2025-01-02T18:50:45Z [INFO] - 已删除原事件: 2024-12-26 10:50
2025-01-02T18:50:45Z [INFO] 
发现过期事件：过期事件2
2025-01-02T18:50:45Z [INFO] - 开始时间：2024-12-26 10:50:45
2025-01-02T18:50:45Z [INFO] - 结束时间：2024-12-27 10:50:45
2025-01-02T18:50:45Z [INFO] - 是否重复：false
2025-01-02T18:50:45Z [INFO] - 移动过期事件到当前周
2025-01-02T18:50:45Z [INFO] - 已移动事件: 2025-01-05 10:50
2025-01-02T18:50:45Z [INFO] - 已删除原事件: 2024-12-26 10:50
2025-01-02T18:50:45Z [INFO] 
发现过期事件：过期事件3
2025-01-02T18:50:45Z [INFO] - 开始时间：2024-12-26 10:50:45
2025-01-02T18:50:45Z [INFO] - 结束时间：2024-12-27 10:50:45
2025-01-02T18:50:45Z [INFO] - 是否重复：false
2025-01-02T18:50:45Z [INFO] - 移动过期事件到当前周
2025-01-02T18:50:45Z [INFO] - 已移动事件: 2025-01-05 10:50
2025-01-02T18:50:45Z [INFO] - 已删除原事件: 2024-12-26 10:50
2025-01-02T18:50:45Z [INFO] 
日历 工作日历 处理完成
2025-01-02T18:50:45Z [INFO] - 处理了 3 个过期事件
2025-01-02T18:50:45Z [INFO] 
处理日历：个人日历
2025-01-02T18:50:45Z [INFO] 找到 3 个事件
2025-01-02T18:50:45Z [INFO] 
日历 个人日历 处理完成
2025-01-02T18:50:45Z [INFO] - 处理了 0 个过期事件
2025-01-02T18:50:45Z [INFO] 
处理日历：家庭日历
2025-01-02T18:50:45Z [INFO] 找到 3 个事件
2025-01-02T18:50:45Z [INFO] 
日历 家庭日历 处理完成
2025-01-02T18:50:45Z [INFO] - 处理了 0 个过期事件
2025-01-02T18:50:45Z [INFO] 
跳过目标日历：个人
2025-01-02T18:50:45Z [INFO] 
=== 过期事件处理完成 ===
2025-01-02T18:50:45Z [INFO] 总共处理了 3 个过期事件
2025-01-02T18:50:45Z [INFO] 找到 2 个日历
2025-01-02T18:50:45Z [INFO] 其中 2 个是可用日历
2025-01-02T18:50:45Z [INFO] 找到 2 个 iCloud 日历:
2025-01-02T18:50:45Z [INFO] - 测试日历1
2025-01-02T18:50:45Z [INFO] - 测试日历2
2025-01-02T18:50:45Z [INFO] - 已移动事件: 2025-01-05 10:50
2025-01-02T18:50:45Z [INFO] - 已删除原事件: 2024-12-26 10:50
2025-01-02T18:50:45Z [INFO] - 删除已过期的重复事件系列：过期会议
2025-01-02T18:50:45Z [INFO] - 已移动重复事件到目标日历：每周会议
2025-01-02T18:50:45Z [INFO] - 已删除原重复事件：每周会议
2025-01-02T18:50:45Z [INFO] - 已移动重复事件到目标日历：每周会议
2025-01-02T18:50:45Z [INFO] - 已删除原重复事件：每周会议
2025-01-02T18:50:45Z [INFO] 
开始移动事件...
2025-01-02T18:50:45Z [INFO] 找到 3 个日历
2025-01-02T18:50:45Z [INFO] 其中 3 个是可用日历
2025-01-02T18:50:45Z [INFO] 找到 3 个 iCloud 日历:
2025-01-02T18:50:45Z [INFO] - 目标日历
2025-01-02T18:50:45Z [INFO] - Test Source
2025-01-02T18:50:45Z [INFO] - 个人
2025-01-02T18:50:45Z [INFO] 发现 3 个源日历
2025-01-02T18:50:45Z [INFO] 目标日历: 个人
2025-01-02T18:50:45Z [INFO] 本周开始时间: 2024-12-29 00:00
2025-01-02T18:50:45Z [INFO] 发现 4 个有效事件
2025-01-02T18:50:45Z [INFO] 
处理事件组: Event 1
2025-01-02T18:50:45Z [INFO] - 该组共有 2 个事件
2025-01-02T18:50:45Z [INFO] - 已移动事件: 2025-01-02 10:50
2025-01-02T18:50:45Z [INFO] - 已删除原事件: 2025-01-02 10:50
2025-01-02T18:50:45Z [INFO] - 已删除原事件: 2025-01-02 10:50
2025-01-02T18:50:45Z [INFO] 
处理事件组: Event 2
2025-01-02T18:50:45Z [INFO] - 该组共有 2 个事件
2025-01-02T18:50:45Z [INFO] - 已移动事件: 2025-01-02 10:50
2025-01-02T18:50:45Z [INFO] - 已删除原事件: 2025-01-02 10:50
2025-01-02T18:50:45Z [INFO] - 已删除原事件: 2025-01-02 10:50
2025-01-02T18:50:45Z [INFO] 
事件移动完成
2025-01-02T18:50:45Z [INFO] 发现重复事件：重复事件，共 3 个
2025-01-02T18:50:45Z [INFO] - 保留最新事件：2025-01-02 10:50:45
2025-01-02T18:50:45Z [INFO] - 删除重复事件：2025-01-02 10:50:45
2025-01-02T18:50:45Z [INFO] - 删除重复事件：2025-01-02 10:50:45
2025-01-02T18:50:45Z [ERROR] 测试错误
2025-01-02T18:50:45Z [INFO] 测试信息
2025-01-02T18:50:45Z [WARNING] 测试警告
2025-01-02T18:50:45Z [INFO] 找到 2 个提醒事项日历
2025-01-02T18:50:45Z [INFO] 正在处理日历: 提醒
2025-01-02T18:50:45Z [INFO] 从日历 提醒 获取到 0 个提醒
2025-01-02T18:50:45Z [INFO] 找到 0 个需要处理的提醒
2025-01-02T18:50:45Z [INFO] 正在处理日历: 个人
2025-01-02T18:50:45Z [INFO] 从日历 个人 获取到 0 个提醒
2025-01-02T18:50:45Z [INFO] 找到 0 个需要处理的提醒
2025-01-02T18:50:45Z [INFO] 总共找到 0 个需要处理的提醒
2025-01-02T18:50:45Z [INFO] 找到 0 个过期提醒
2025-01-02T18:50:45Z [INFO] 找到 1 个提醒事项日历
2025-01-02T18:50:45Z [INFO] 正在处理日历: 提醒事项
2025-01-02T18:50:45Z [INFO] 从日历 提醒事项 获取到 0 个提醒
2025-01-02T18:50:45Z [INFO] 找到 0 个需要处理的提醒
2025-01-02T18:50:45Z [INFO] 总共找到 0 个需要处理的提醒
2025-01-02T19:19:40Z [INFO] 
开始处理...
2025-01-02T19:19:40Z [INFO] 找到 4 个 iCloud 日历:
2025-01-02T19:19:40Z [INFO] - 工作
2025-01-02T19:19:40Z [INFO] - 学习
2025-01-02T19:19:40Z [INFO] - 目标
2025-01-02T19:19:40Z [INFO] - 个人
2025-01-02T19:19:40Z [INFO] 
目标日历: 个人
2025-01-02T19:19:40Z [INFO] 
处理日历: 工作
2025-01-02T19:19:40Z [INFO] 已将事件 '过期事件1' 从 '工作' 移动到 '个人'
2025-01-02T19:19:40Z [INFO] 已将事件 '过期事件2' 从 '学习' 移动到 '个人'
2025-01-02T19:19:40Z [INFO] 已将事件 '过期事件3' 从 '目标' 移动到 '个人'
2025-01-02T19:19:40Z [INFO] 
处理日历: 学习
2025-01-02T19:19:40Z [INFO] 
处理日历: 目标
2025-01-02T19:19:40Z [INFO] 
处理完成
2025-01-02T19:19:40Z [INFO] 已将事件 '测试事件' 从 '工作' 移动到 '个人'
2025-01-02T19:19:40Z [INFO] 已将事件 '测试事件' 从 '工作' 移动到 '个人'
2025-01-02T19:19:40Z [INFO] 已删除空日历 '空日历'
2025-01-02T19:19:40Z [WARNING] 日历 '非空日历' 不为空，无法删除
2025-01-02T19:19:40Z [ERROR] 测试错误
2025-01-02T19:19:40Z [INFO] 测试信息
2025-01-02T19:19:40Z [WARNING] 测试警告
2025-01-02T19:19:40Z [INFO] 
开始处理...
2025-01-02T19:19:40Z [INFO] 找到 0 个 iCloud 日历:
2025-01-02T19:19:40Z [INFO] 
目标日历: 个人
2025-01-02T19:19:40Z [INFO] 已将提醒 '过期提醒' 转换为事件并移动到 '个人'
2025-01-02T19:19:40Z [INFO] 
处理完成
2025-01-02T19:19:41Z [INFO] 已将提醒 '过期提醒' 转换为事件并移动到 '个人'
2025-01-02T19:20:05Z [INFO] 
开始处理...
2025-01-02T19:20:05Z [INFO] 找到 4 个 iCloud 日历:
2025-01-02T19:20:05Z [INFO] - 工作
2025-01-02T19:20:05Z [INFO] - 学习
2025-01-02T19:20:05Z [INFO] - 目标
2025-01-02T19:20:05Z [INFO] - 个人
2025-01-02T19:20:05Z [INFO] 
目标日历: 个人
2025-01-02T19:20:05Z [INFO] 
处理日历: 工作
2025-01-02T19:20:05Z [INFO] 已将事件 '过期事件1' 从 '工作' 移动到 '个人'
2025-01-02T19:20:05Z [INFO] 已将事件 '过期事件2' 从 '学习' 移动到 '个人'
2025-01-02T19:20:05Z [INFO] 已将事件 '过期事件3' 从 '目标' 移动到 '个人'
2025-01-02T19:20:05Z [INFO] 
处理日历: 学习
2025-01-02T19:20:05Z [INFO] 
处理日历: 目标
2025-01-02T19:20:05Z [INFO] 
处理完成
2025-01-02T19:20:05Z [INFO] 已将事件 '测试事件' 从 '工作' 移动到 '个人'
2025-01-02T19:20:05Z [INFO] 已将事件 '测试事件' 从 '工作' 移动到 '个人'
2025-01-02T19:20:05Z [INFO] 已删除空日历 '空日历'
2025-01-02T19:20:05Z [WARNING] 日历 '非空日历' 不为空，无法删除
2025-01-02T19:20:05Z [ERROR] 测试错误
2025-01-02T19:20:05Z [INFO] 测试信息
2025-01-02T19:20:05Z [WARNING] 测试警告
2025-01-02T19:20:05Z [INFO] 
开始处理...
2025-01-02T19:20:05Z [INFO] 找到 0 个 iCloud 日历:
2025-01-02T19:20:05Z [INFO] 
目标日历: 个人
2025-01-02T19:20:05Z [INFO] 已将提醒 '过期提醒' 转换为事件并移动到 '个人'
2025-01-02T19:20:05Z [INFO] 
处理完成
2025-01-02T19:20:05Z [INFO] 已将提醒 '过期提醒' 转换为事件并移动到 '个人'
2025-01-02T19:24:02Z [INFO] 
开始处理...
2025-01-02T19:24:02Z [INFO] 找到 4 个 iCloud 日历:
2025-01-02T19:24:02Z [INFO] - 工作
2025-01-02T19:24:02Z [INFO] - 学习
2025-01-02T19:24:02Z [INFO] - 目标
2025-01-02T19:24:02Z [INFO] - 个人
2025-01-02T19:24:02Z [INFO] 
目标日历: 个人
2025-01-02T19:24:02Z [INFO] 
处理日历: 工作
2025-01-02T19:24:02Z [INFO] 已将事件 '过期事件1' 从 '工作' 移动到 '个人'
2025-01-02T19:24:02Z [INFO] 已将事件 '过期事件2' 从 '学习' 移动到 '个人'
2025-01-02T19:24:02Z [INFO] 已将事件 '过期事件3' 从 '目标' 移动到 '个人'
2025-01-02T19:24:02Z [INFO] 
处理日历: 学习
2025-01-02T19:24:02Z [INFO] 
处理日历: 目标
2025-01-02T19:24:02Z [INFO] 
处理完成
2025-01-02T19:24:03Z [INFO] 已将事件 '测试事件' 从 '工作' 移动到 '个人'
2025-01-02T19:24:03Z [INFO] 已将事件 '测试事件' 从 '工作' 移动到 '个人'
2025-01-02T19:24:03Z [INFO] 已删除空日历 '空日历'
2025-01-02T19:24:03Z [WARNING] 日历 '非空日历' 不为空，无法删除
2025-01-02T19:24:03Z [ERROR] 测试错误
2025-01-02T19:24:03Z [INFO] 测试信息
2025-01-02T19:24:03Z [WARNING] 测试警告
2025-01-02T19:24:03Z [INFO] 
开始处理...
2025-01-02T19:24:03Z [INFO] 找到 0 个 iCloud 日历:
2025-01-02T19:24:03Z [INFO] 
目标日历: 个人
2025-01-02T19:24:03Z [INFO] 已将提醒 '过期提醒' 转换为事件并移动到 '个人'
2025-01-02T19:24:03Z [INFO] 
处理完成
2025-01-02T19:24:03Z [INFO] 已将提醒 '过期提醒' 转换为事件并移动到 '个人'
2025-01-02T19:24:28Z [INFO] 
开始处理...
2025-01-02T19:24:28Z [INFO] 找到 4 个 iCloud 日历:
2025-01-02T19:24:28Z [INFO] - 工作
2025-01-02T19:24:28Z [INFO] - 学习
2025-01-02T19:24:28Z [INFO] - 目标
2025-01-02T19:24:28Z [INFO] - 个人
2025-01-02T19:24:28Z [INFO] 
目标日历: 个人
2025-01-02T19:24:28Z [INFO] 
处理日历: 工作
2025-01-02T19:24:28Z [INFO] 已将事件 '过期事件1' 从 '工作' 移动到 '个人'
2025-01-02T19:24:28Z [INFO] 已将事件 '过期事件2' 从 '学习' 移动到 '个人'
2025-01-02T19:24:28Z [INFO] 已将事件 '过期事件3' 从 '目标' 移动到 '个人'
2025-01-02T19:24:28Z [INFO] 
处理日历: 学习
2025-01-02T19:24:28Z [INFO] 
处理日历: 目标
2025-01-02T19:24:28Z [INFO] 
处理完成
2025-01-02T19:24:28Z [INFO] 已将事件 '测试事件' 从 '工作' 移动到 '个人'
2025-01-02T19:24:28Z [INFO] 已将事件 '测试事件' 从 '工作' 移动到 '个人'
2025-01-02T19:24:29Z [INFO] 已删除空日历 '空日历'
2025-01-02T19:24:29Z [WARNING] 日历 '非空日历' 不为空，无法删除
2025-01-02T19:24:29Z [ERROR] 测试错误
2025-01-02T19:24:29Z [INFO] 测试信息
2025-01-02T19:24:29Z [WARNING] 测试警告
2025-01-02T19:24:29Z [INFO] 
开始处理...
2025-01-02T19:24:29Z [INFO] 找到 0 个 iCloud 日历:
2025-01-02T19:24:29Z [INFO] 
目标日历: 个人
2025-01-02T19:24:29Z [INFO] 已将提醒 '过期提醒' 转换为事件并移动到 '个人'
2025-01-02T19:24:29Z [INFO] 
处理完成
2025-01-02T19:24:29Z [INFO] 已将提醒 '过期提醒' 转换为事件并移动到 '个人'
2025-01-02T19:28:26Z [INFO] 
开始处理...
2025-01-02T19:28:26Z [INFO] 找到 4 个 iCloud 日历:
2025-01-02T19:28:26Z [INFO] - 工作
2025-01-02T19:28:26Z [INFO] - 学习
2025-01-02T19:28:26Z [INFO] - 目标
2025-01-02T19:28:26Z [INFO] - 个人
2025-01-02T19:28:26Z [INFO] 
目标日历: 个人
2025-01-02T19:28:26Z [INFO] 
处理日历: 工作
2025-01-02T19:28:26Z [INFO] 已将事件 '过期事件1' 从 '工作' 移动到 '个人'
2025-01-02T19:28:26Z [INFO] 已将事件 '过期事件2' 从 '学习' 移动到 '个人'
2025-01-02T19:28:26Z [INFO] 已将事件 '过期事件3' 从 '目标' 移动到 '个人'
2025-01-02T19:28:26Z [INFO] 
处理日历: 学习
2025-01-02T19:28:26Z [INFO] 
处理日历: 目标
2025-01-02T19:28:26Z [INFO] 
处理完成
2025-01-02T19:28:26Z [INFO] 已将事件 '测试事件' 从 '工作' 移动到 '个人'
2025-01-02T19:28:27Z [INFO] 已将事件 '测试事件' 从 '工作' 移动到 '个人'
2025-01-02T19:28:27Z [INFO] 已删除空日历 '空日历'
2025-01-02T19:28:27Z [WARNING] 日历 '非空日历' 不为空，无法删除
2025-01-02T19:28:27Z [ERROR] 测试错误
2025-01-02T19:28:27Z [INFO] 测试信息
2025-01-02T19:28:27Z [WARNING] 测试警告
2025-01-02T19:28:27Z [INFO] 
开始处理...
2025-01-02T19:28:27Z [INFO] 找到 0 个 iCloud 日历:
2025-01-02T19:28:27Z [INFO] 
目标日历: 个人
2025-01-02T19:28:27Z [INFO] 已将提醒 '过期提醒' 转换为事件并移动到 '个人'
2025-01-02T19:28:27Z [INFO] 
处理完成
2025-01-02T19:28:27Z [INFO] 已将提醒 '过期提醒' 转换为事件并移动到 '个人'
2025-01-02T19:28:52Z [INFO] 
开始处理...
2025-01-02T19:28:52Z [INFO] 找到 4 个 iCloud 日历:
2025-01-02T19:28:52Z [INFO] - 工作
2025-01-02T19:28:52Z [INFO] - 学习
2025-01-02T19:28:52Z [INFO] - 目标
2025-01-02T19:28:52Z [INFO] - 个人
2025-01-02T19:28:52Z [INFO] 
目标日历: 个人
2025-01-02T19:28:52Z [INFO] 
处理日历: 工作
2025-01-02T19:28:52Z [INFO] 已将事件 '过期事件1' 从 '工作' 移动到 '个人'
2025-01-02T19:28:52Z [INFO] 已将事件 '过期事件2' 从 '学习' 移动到 '个人'
2025-01-02T19:28:52Z [INFO] 已将事件 '过期事件3' 从 '目标' 移动到 '个人'
2025-01-02T19:28:52Z [INFO] 
处理日历: 学习
2025-01-02T19:28:52Z [INFO] 
处理日历: 目标
2025-01-02T19:28:52Z [INFO] 
处理完成
2025-01-02T19:28:52Z [INFO] 已将事件 '测试事件' 从 '工作' 移动到 '个人'
2025-01-02T19:28:52Z [INFO] 已将事件 '测试事件' 从 '工作' 移动到 '个人'
2025-01-02T19:28:52Z [INFO] 已删除空日历 '空日历'
2025-01-02T19:28:52Z [WARNING] 日历 '非空日历' 不为空，无法删除
2025-01-02T19:28:53Z [ERROR] 测试错误
2025-01-02T19:28:53Z [INFO] 测试信息
2025-01-02T19:28:53Z [WARNING] 测试警告
2025-01-02T19:28:53Z [INFO] 
开始处理...
2025-01-02T19:28:53Z [INFO] 找到 0 个 iCloud 日历:
2025-01-02T19:28:53Z [INFO] 
目标日历: 个人
2025-01-02T19:28:53Z [INFO] 已将提醒 '过期提醒' 转换为事件并移动到 '个人'
2025-01-02T19:28:53Z [INFO] 
处理完成
2025-01-02T19:28:53Z [INFO] 已将提醒 '过期提醒' 转换为事件并移动到 '个人'
2025-01-02T19:29:14Z [INFO] 
开始处理...
2025-01-02T19:29:14Z [INFO] 找到 4 个 iCloud 日历:
2025-01-02T19:29:14Z [INFO] - 工作
2025-01-02T19:29:14Z [INFO] - 学习
2025-01-02T19:29:14Z [INFO] - 目标
2025-01-02T19:29:14Z [INFO] - 个人
2025-01-02T19:29:14Z [INFO] 
目标日历: 个人
2025-01-02T19:29:14Z [INFO] 
处理日历: 工作
2025-01-02T19:29:14Z [INFO] 已将事件 '过期事件1' 从 '工作' 移动到 '个人'
2025-01-02T19:29:14Z [INFO] 已将事件 '过期事件2' 从 '学习' 移动到 '个人'
2025-01-02T19:29:14Z [INFO] 已将事件 '过期事件3' 从 '目标' 移动到 '个人'
2025-01-02T19:29:14Z [INFO] 
处理日历: 学习
2025-01-02T19:29:14Z [INFO] 
处理日历: 目标
2025-01-02T19:29:14Z [INFO] 
处理完成
2025-01-02T19:29:14Z [INFO] 已将事件 '测试事件' 从 '工作' 移动到 '个人'
2025-01-02T19:29:14Z [INFO] 已将事件 '测试事件' 从 '工作' 移动到 '个人'
2025-01-02T19:29:14Z [INFO] 已删除空日历 '空日历'
2025-01-02T19:29:14Z [WARNING] 日历 '非空日历' 不为空，无法删除
2025-01-02T19:29:14Z [ERROR] 测试错误
2025-01-02T19:29:14Z [INFO] 测试信息
2025-01-02T19:29:14Z [WARNING] 测试警告
2025-01-02T19:29:14Z [INFO] 
开始处理...
2025-01-02T19:29:14Z [INFO] 找到 0 个 iCloud 日历:
2025-01-02T19:29:14Z [INFO] 
目标日历: 个人
2025-01-02T19:29:14Z [INFO] 已将提醒 '过期提醒' 转换为事件并移动到 '个人'
2025-01-02T19:29:14Z [INFO] 
处理完成
2025-01-02T19:29:14Z [INFO] 已将提醒 '过期提醒' 转换为事件并移动到 '个人'
2025-01-02T19:29:46Z [INFO] 
开始处理...
2025-01-02T19:29:46Z [INFO] 找到 4 个 iCloud 日历:
2025-01-02T19:29:46Z [INFO] - 工作
2025-01-02T19:29:46Z [INFO] - 学习
2025-01-02T19:29:46Z [INFO] - 目标
2025-01-02T19:29:46Z [INFO] - 个人
2025-01-02T19:29:46Z [INFO] 
目标日历: 个人
2025-01-02T19:29:46Z [INFO] 
处理日历: 工作
2025-01-02T19:29:46Z [INFO] 已将事件 '过期事件1' 从 '工作' 移动到 '个人'
2025-01-02T19:29:46Z [INFO] 已将事件 '过期事件2' 从 '学习' 移动到 '个人'
2025-01-02T19:29:46Z [INFO] 已将事件 '过期事件3' 从 '目标' 移动到 '个人'
2025-01-02T19:29:46Z [INFO] 
处理日历: 学习
2025-01-02T19:29:46Z [INFO] 
处理日历: 目标
2025-01-02T19:29:46Z [INFO] 
处理完成
2025-01-02T19:29:46Z [INFO] 已将事件 '测试事件' 从 '工作' 移动到 '个人'
2025-01-02T19:29:46Z [INFO] 已将事件 '测试事件' 从 '工作' 移动到 '个人'
2025-01-02T19:29:46Z [INFO] 已删除空日历 '空日历'
2025-01-02T19:29:46Z [WARNING] 日历 '非空日历' 不为空，无法删除
2025-01-02T19:29:46Z [ERROR] 测试错误
2025-01-02T19:29:46Z [INFO] 测试信息
2025-01-02T19:29:46Z [WARNING] 测试警告
2025-01-02T19:29:46Z [INFO] 
开始处理...
2025-01-02T19:29:46Z [INFO] 找到 0 个 iCloud 日历:
2025-01-02T19:29:46Z [INFO] 
目标日历: 个人
2025-01-02T19:29:46Z [INFO] 已将提醒 '过期提醒' 转换为事件并移动到 '个人'
2025-01-02T19:29:46Z [INFO] 
处理完成
2025-01-02T19:29:46Z [INFO] 已将提醒 '过期提醒' 转换为事件并移动到 '个人'
2025-01-02T19:30:15Z [INFO] 
开始处理...
2025-01-02T19:30:15Z [INFO] 找到 4 个 iCloud 日历:
2025-01-02T19:30:15Z [INFO] - 工作
2025-01-02T19:30:15Z [INFO] - 学习
2025-01-02T19:30:15Z [INFO] - 目标
2025-01-02T19:30:15Z [INFO] - 个人
2025-01-02T19:30:15Z [INFO] 
目标日历: 个人
2025-01-02T19:30:15Z [INFO] 
处理日历: 工作
2025-01-02T19:30:15Z [INFO] 已将事件 '过期事件1' 从 '工作' 移动到 '个人'
2025-01-02T19:30:15Z [INFO] 已将事件 '过期事件2' 从 '学习' 移动到 '个人'
2025-01-02T19:30:15Z [INFO] 已将事件 '过期事件3' 从 '目标' 移动到 '个人'
2025-01-02T19:30:15Z [INFO] 
处理日历: 学习
2025-01-02T19:30:15Z [INFO] 
处理日历: 目标
2025-01-02T19:30:15Z [INFO] 
处理完成
2025-01-02T19:30:15Z [INFO] 已将事件 '测试事件' 从 '工作' 移动到 '个人'
2025-01-02T19:30:15Z [INFO] 已将事件 '测试事件' 从 '工作' 移动到 '个人'
2025-01-02T19:30:15Z [INFO] 已删除空日历 '空日历'
2025-01-02T19:30:15Z [WARNING] 日历 '非空日历' 不为空，无法删除
2025-01-02T19:30:15Z [ERROR] 测试错误
2025-01-02T19:30:15Z [INFO] 测试信息
2025-01-02T19:30:15Z [WARNING] 测试警告
2025-01-02T19:30:15Z [INFO] 
开始处理...
2025-01-02T19:30:15Z [INFO] 找到 0 个 iCloud 日历:
2025-01-02T19:30:15Z [INFO] 
目标日历: 个人
2025-01-02T19:30:15Z [INFO] 已将提醒 '过期提醒' 转换为事件并移动到 '个人'
2025-01-02T19:30:15Z [INFO] 
处理完成
2025-01-02T19:30:15Z [INFO] 已将提醒 '过期提醒' 转换为事件并移动到 '个人'
2025-01-02T19:30:36Z [INFO] 
开始处理...
2025-01-02T19:30:36Z [INFO] 找到 4 个 iCloud 日历:
2025-01-02T19:30:36Z [INFO] - 工作
2025-01-02T19:30:36Z [INFO] - 学习
2025-01-02T19:30:36Z [INFO] - 目标
2025-01-02T19:30:36Z [INFO] - 个人
2025-01-02T19:30:36Z [INFO] 
目标日历: 个人
2025-01-02T19:30:36Z [INFO] 
处理日历: 工作
2025-01-02T19:30:36Z [INFO] 已将事件 '过期事件1' 从 '工作' 移动到 '个人'
2025-01-02T19:30:36Z [INFO] 已将事件 '过期事件2' 从 '学习' 移动到 '个人'
2025-01-02T19:30:36Z [INFO] 已将事件 '过期事件3' 从 '目标' 移动到 '个人'
2025-01-02T19:30:36Z [INFO] 
处理日历: 学习
2025-01-02T19:30:36Z [INFO] 
处理日历: 目标
2025-01-02T19:30:36Z [INFO] 
处理完成
2025-01-02T19:30:36Z [INFO] 已将事件 '测试事件' 从 '工作' 移动到 '个人'
2025-01-02T19:30:36Z [INFO] 已将事件 '测试事件' 从 '工作' 移动到 '个人'
2025-01-02T19:30:36Z [INFO] 已删除空日历 '空日历'
2025-01-02T19:30:36Z [WARNING] 日历 '非空日历' 不为空，无法删除
2025-01-02T19:30:37Z [ERROR] 测试错误
2025-01-02T19:30:37Z [INFO] 测试信息
2025-01-02T19:30:37Z [WARNING] 测试警告
2025-01-02T19:30:37Z [INFO] 
开始处理...
2025-01-02T19:30:37Z [INFO] 找到 0 个 iCloud 日历:
2025-01-02T19:30:37Z [INFO] 
目标日历: 个人
2025-01-02T19:30:37Z [INFO] 已将提醒 '过期提醒' 转换为事件并移动到 '个人'
2025-01-02T19:30:37Z [INFO] 
处理完成
2025-01-02T19:30:37Z [INFO] 已将提醒 '过期提醒' 转换为事件并移动到 '个人'
2025-01-02T19:30:38Z [INFO] 
开始处理...
2025-01-02T19:30:38Z [INFO] 找到 0 个 iCloud 日历:
2025-01-02T19:30:38Z [ERROR] 运行失败: targetCalendarNotFound
